This is pdfTeX, Version 3.141592653-2.6-1.40.23 (TeX Live 2021) (preloaded format=pdflatex 2021.9.19)  25 APR 2022 16:56
entering extended mode
 restricted \write18 enabled.
 file:line:error style messages enabled.
 %&-line parsing enabled.
**transit_code_manual.tex
(./transit_code_manual.tex
LaTeX2e <2021-06-01> patch level 1
L3 programming layer <2021-08-27>
(/usr/local/texlive/2021/texmf-dist/tex/latex/base/article.cls
Document Class: article 2021/02/12 v1.4n Standard LaTeX document class
(/usr/local/texlive/2021/texmf-dist/tex/latex/base/size12.clo
File: size12.clo 2021/02/12 v1.4n Standard LaTeX file (size option)
)
\c@part=\count182
\c@section=\count183
\c@subsection=\count184
\c@subsubsection=\count185
\c@paragraph=\count186
\c@subparagraph=\count187
\c@figure=\count188
\c@table=\count189
\abovecaptionskip=\skip47
\belowcaptionskip=\skip48
\bibindent=\dimen138
)
(./top-transit.tex
(/usr/local/texlive/2021/texmf-dist/tex/latex/graphics/graphicx.sty
Package: graphicx 2020/12/05 v1.2c Enhanced LaTeX Graphics (DPC,SPQR)

(/usr/local/texlive/2021/texmf-dist/tex/latex/graphics/keyval.sty
Package: keyval 2014/10/28 v1.15 key=value parser (DPC)
\KV@toks@=\toks16
)
(/usr/local/texlive/2021/texmf-dist/tex/latex/graphics/graphics.sty
Package: graphics 2021/03/04 v1.4d Standard LaTeX Graphics (DPC,SPQR)

(/usr/local/texlive/2021/texmf-dist/tex/latex/graphics/trig.sty
Package: trig 2016/01/03 v1.10 sin cos tan (DPC)
)
(/usr/local/texlive/2021/texmf-dist/tex/latex/graphics-cfg/graphics.cfg
File: graphics.cfg 2016/06/04 v1.11 sample graphics configuration
)
Package graphics Info: Driver file: pdftex.def on input line 107.

(/usr/local/texlive/2021/texmf-dist/tex/latex/graphics-def/pdftex.def
File: pdftex.def 2020/10/05 v1.2a Graphics/color driver for pdftex
))
\Gin@req@height=\dimen139
\Gin@req@width=\dimen140
)
(/usr/local/texlive/2021/texmf-dist/tex/latex/enumitem/enumitem.sty
Package: enumitem 2019/06/20 v3.9 Customized lists
\labelindent=\skip49
\enit@outerparindent=\dimen141
\enit@toks=\toks17
\enit@inbox=\box50
\enit@count@id=\count190
\enitdp@description=\count191
)
(/usr/local/texlive/2021/texmf-dist/tex/latex/amsfonts/amssymb.sty
Package: amssymb 2013/01/14 v3.01 AMS font symbols

(/usr/local/texlive/2021/texmf-dist/tex/latex/amsfonts/amsfonts.sty
Package: amsfonts 2013/01/14 v3.01 Basic AMSFonts support
\@emptytoks=\toks18
\symAMSa=\mathgroup4
\symAMSb=\mathgroup5
LaTeX Font Info:    Redeclaring math symbol \hbar on input line 98.
LaTeX Font Info:    Overwriting math alphabet `\mathfrak' in version `bold'
(Font)                  U/euf/m/n --> U/euf/b/n on input line 106.
))
(/usr/local/texlive/2021/texmf-dist/tex/latex/amsmath/amsmath.sty
Package: amsmath 2021/04/20 v2.17j AMS math features
\@mathmargin=\skip50

For additional information on amsmath, use the `?' option.
(/usr/local/texlive/2021/texmf-dist/tex/latex/amsmath/amstext.sty
Package: amstext 2000/06/29 v2.01 AMS text

(/usr/local/texlive/2021/texmf-dist/tex/latex/amsmath/amsgen.sty
File: amsgen.sty 1999/11/30 v2.0 generic functions
\@emptytoks=\toks19
\ex@=\dimen142
))
(/usr/local/texlive/2021/texmf-dist/tex/latex/amsmath/amsbsy.sty
Package: amsbsy 1999/11/29 v1.2d Bold Symbols
\pmbraise@=\dimen143
)
(/usr/local/texlive/2021/texmf-dist/tex/latex/amsmath/amsopn.sty
Package: amsopn 2016/03/08 v2.02 operator names
)
\inf@bad=\count192
LaTeX Info: Redefining \frac on input line 234.
\uproot@=\count193
\leftroot@=\count194
LaTeX Info: Redefining \overline on input line 399.
\classnum@=\count195
\DOTSCASE@=\count196
LaTeX Info: Redefining \ldots on input line 496.
LaTeX Info: Redefining \dots on input line 499.
LaTeX Info: Redefining \cdots on input line 620.
\Mathstrutbox@=\box51
\strutbox@=\box52
\big@size=\dimen144
LaTeX Font Info:    Redeclaring font encoding OML on input line 743.
LaTeX Font Info:    Redeclaring font encoding OMS on input line 744.
\macc@depth=\count197
\c@MaxMatrixCols=\count198
\dotsspace@=\muskip16
\c@parentequation=\count199
\dspbrk@lvl=\count266
\tag@help=\toks20
\row@=\count267
\column@=\count268
\maxfields@=\count269
\andhelp@=\toks21
\eqnshift@=\dimen145
\alignsep@=\dimen146
\tagshift@=\dimen147
\tagwidth@=\dimen148
\totwidth@=\dimen149
\lineht@=\dimen150
\@envbody=\toks22
\multlinegap=\skip51
\multlinetaggap=\skip52
\mathdisplay@stack=\toks23
LaTeX Info: Redefining \[ on input line 2923.
LaTeX Info: Redefining \] on input line 2924.
)
(/usr/local/texlive/2021/texmf-dist/tex/latex/xcolor/xcolor.sty
Package: xcolor 2016/05/11 v2.12 LaTeX color extensions (UK)

(/usr/local/texlive/2021/texmf-dist/tex/latex/graphics-cfg/color.cfg
File: color.cfg 2016/01/02 v1.6 sample color configuration
)
Package xcolor Info: Driver file: pdftex.def on input line 225.
Package xcolor Info: Model `cmy' substituted by `cmy0' on input line 1348.
Package xcolor Info: Model `hsb' substituted by `rgb' on input line 1352.
Package xcolor Info: Model `RGB' extended on input line 1364.
Package xcolor Info: Model `HTML' substituted by `rgb' on input line 1366.
Package xcolor Info: Model `Hsb' substituted by `hsb' on input line 1367.
Package xcolor Info: Model `tHsb' substituted by `hsb' on input line 1368.
Package xcolor Info: Model `HSB' substituted by `hsb' on input line 1369.
Package xcolor Info: Model `Gray' substituted by `gray' on input line 1370.
Package xcolor Info: Model `wave' substituted by `hsb' on input line 1371.
)
(/usr/local/texlive/2021/texmf-dist/tex/latex/listings/listings.sty
\lst@mode=\count270
\lst@gtempboxa=\box53
\lst@token=\toks24
\lst@length=\count271
\lst@currlwidth=\dimen151
\lst@column=\count272
\lst@pos=\count273
\lst@lostspace=\dimen152
\lst@width=\dimen153
\lst@newlines=\count274
\lst@lineno=\count275
\lst@maxwidth=\dimen154

(/usr/local/texlive/2021/texmf-dist/tex/latex/listings/lstmisc.sty
File: lstmisc.sty 2020/03/24 1.8d (Carsten Heinz)
\c@lstnumber=\count276
\lst@skipnumbers=\count277
\lst@framebox=\box54
)
(/usr/local/texlive/2021/texmf-dist/tex/latex/listings/listings.cfg
File: listings.cfg 2020/03/24 1.8d listings configuration
))
Package: listings 2020/03/24 1.8d (Carsten Heinz)

(/usr/local/texlive/2021/texmf-dist/tex/latex/psnfss/times.sty
Package: times 2020/03/25 PSNFSS-v9.3 (SPQR) 
)
(/usr/local/texlive/2021/texmf-dist/tex/latex/natbib/natbib.sty
Package: natbib 2010/09/13 8.31b (PWD, AO)
\bibhang=\skip53
\bibsep=\skip54
LaTeX Info: Redefining \cite on input line 694.
\c@NAT@ctr=\count278
)
(/usr/local/texlive/2021/texmf-dist/tex/latex/etoolbox/etoolbox.sty
Package: etoolbox 2020/10/05 v2.5k e-TeX tools for LaTeX (JAW)
\etb@tempcnta=\count279
)
(./astjnlabbrev-jh.sty)
(/usr/local/texlive/2021/texmf-dist/tex/latex/natbib/bibentry.sty
Package: bibentry 2007/10/30 1.5 (PWD)
)
(/usr/local/texlive/2021/texmf-dist/tex/latex/base/ifthen.sty
Package: ifthen 2020/11/24 v1.1c Standard LaTeX ifthen package (DPC)
)
(/usr/local/texlive/2021/texmf-dist/tex/latex/graphics/epsfig.sty
Package: epsfig 2017/06/25 v1.7b (e)psfig emulation (SPQR)
\epsfxsize=\dimen155
\epsfysize=\dimen156
)
(/usr/local/texlive/2021/texmf-dist/tex/latex/commath/commath.sty)
(/usr/local/texlive/2021/texmf-dist/tex/latex/graphics/rotating.sty
Package: rotating 2016/08/11 v2.16d rotated objects in LaTeX
\c@r@tfl@t=\count280
\rotFPtop=\skip55
\rotFPbot=\skip56
\rot@float@box=\box55
\rot@mess@toks=\toks25
)
(/usr/local/texlive/2021/texmf-dist/tex/generic/dirtree/dirtree.sty
Package: dirtree 2012/12/11 v0.32 package wrapper for dirtree

(/usr/local/texlive/2021/texmf-dist/tex/generic/dirtree/dirtree.tex
`dirtree' v0.32, 2012/12/11 (jcc)
\DT@offset=\dimen157
\DT@width=\dimen158
\DT@sep=\dimen159
\DT@all=\dimen160
\DT@rulewidth=\dimen161
\DT@dotwidth=\dimen162
\DTbaselineskip=\dimen163
\DT@counti=\count281
\DT@countii=\count282
\DT@countiii=\count283
\DT@countiv=\count284
\DT@indent=\dimen164
\DT@parskip=\dimen165
\DT@baselineskip=\dimen166
)
File: dirtree.tex 2012/12/11 v0.32 `dirtree' (jcc)
)
(/usr/local/texlive/2021/texmf-dist/tex/latex/changepage/changepage.sty
Package: changepage 2009/10/20 v1.0c check page and change page layout
\c@cp@cntr=\count285
\cp@tempcnt=\count286
)
LaTeX Font Info:    Trying to load font information for T1+txtt on input line 4
6.

(/usr/local/texlive/2021/texmf-dist/tex/latex/txfonts/t1txtt.fd
File: t1txtt.fd 2000/12/15 v3.1
)
(/usr/local/texlive/2021/texmf-dist/tex/latex/listings/lstlang1.sty
File: lstlang1.sty 2020/03/24 1.8d listings language file
)
(/usr/local/texlive/2021/texmf-dist/tex/latex/listings/lstlang2.sty
File: lstlang2.sty 2020/03/24 1.8d listings language file
)
(/usr/local/texlive/2021/texmf-dist/tex/latex/listings/lstlang3.sty
File: lstlang3.sty 2020/03/24 1.8d listings language file
)
(/usr/local/texlive/2021/texmf-dist/tex/latex/listings/lstlang1.sty
File: lstlang1.sty 2020/03/24 1.8d listings language file
)
(/usr/local/texlive/2021/texmf-dist/tex/latex/listings/lstlang2.sty
File: lstlang2.sty 2020/03/24 1.8d listings language file
)
(/usr/local/texlive/2021/texmf-dist/tex/latex/listings/lstlang3.sty
File: lstlang3.sty 2020/03/24 1.8d listings language file
)
(/usr/local/texlive/2021/texmf-dist/tex/latex/listings/lstlang1.sty
File: lstlang1.sty 2020/03/24 1.8d listings language file
)
(/usr/local/texlive/2021/texmf-dist/tex/latex/listings/lstlang2.sty
File: lstlang2.sty 2020/03/24 1.8d listings language file
)
(/usr/local/texlive/2021/texmf-dist/tex/latex/listings/lstlang3.sty
File: lstlang3.sty 2020/03/24 1.8d listings language file
)
(/usr/local/texlive/2021/texmf-dist/tex/latex/listings/lstmisc.sty
File: lstmisc.sty 2020/03/24 1.8d (Carsten Heinz)
)
(/usr/local/texlive/2021/texmf-dist/tex/latex/hyperref/hyperref.sty
Package: hyperref 2021-06-07 v7.00m Hypertext links for LaTeX

(/usr/local/texlive/2021/texmf-dist/tex/generic/ltxcmds/ltxcmds.sty
Package: ltxcmds 2020-05-10 v1.25 LaTeX kernel commands for general use (HO)
)
(/usr/local/texlive/2021/texmf-dist/tex/generic/iftex/iftex.sty
Package: iftex 2020/03/06 v1.0d TeX engine tests
)
(/usr/local/texlive/2021/texmf-dist/tex/generic/pdftexcmds/pdftexcmds.sty
Package: pdftexcmds 2020-06-27 v0.33 Utility functions of pdfTeX for LuaTeX (HO
)

(/usr/local/texlive/2021/texmf-dist/tex/generic/infwarerr/infwarerr.sty
Package: infwarerr 2019/12/03 v1.5 Providing info/warning/error messages (HO)
)
Package pdftexcmds Info: \pdf@primitive is available.
Package pdftexcmds Info: \pdf@ifprimitive is available.
Package pdftexcmds Info: \pdfdraftmode found.
)
(/usr/local/texlive/2021/texmf-dist/tex/generic/kvsetkeys/kvsetkeys.sty
Package: kvsetkeys 2019/12/15 v1.18 Key value parser (HO)
)
(/usr/local/texlive/2021/texmf-dist/tex/generic/kvdefinekeys/kvdefinekeys.sty
Package: kvdefinekeys 2019-12-19 v1.6 Define keys (HO)
)
(/usr/local/texlive/2021/texmf-dist/tex/generic/pdfescape/pdfescape.sty
Package: pdfescape 2019/12/09 v1.15 Implements pdfTeX's escape features (HO)
)
(/usr/local/texlive/2021/texmf-dist/tex/latex/hycolor/hycolor.sty
Package: hycolor 2020-01-27 v1.10 Color options for hyperref/bookmark (HO)
)
(/usr/local/texlive/2021/texmf-dist/tex/latex/letltxmacro/letltxmacro.sty
Package: letltxmacro 2019/12/03 v1.6 Let assignment for LaTeX macros (HO)
)
(/usr/local/texlive/2021/texmf-dist/tex/latex/auxhook/auxhook.sty
Package: auxhook 2019-12-17 v1.6 Hooks for auxiliary files (HO)
)
(/usr/local/texlive/2021/texmf-dist/tex/latex/kvoptions/kvoptions.sty
Package: kvoptions 2020-10-07 v3.14 Key value format for package options (HO)
)
\@linkdim=\dimen167
\Hy@linkcounter=\count287
\Hy@pagecounter=\count288

(/usr/local/texlive/2021/texmf-dist/tex/latex/hyperref/pd1enc.def
File: pd1enc.def 2021-06-07 v7.00m Hyperref: PDFDocEncoding definition (HO)
Now handling font encoding PD1 ...
... no UTF-8 mapping file for font encoding PD1
)
(/usr/local/texlive/2021/texmf-dist/tex/latex/hyperref/hyperref-langpatches.def
File: hyperref-langpatches.def 2021-06-07 v7.00m Hyperref: patches for babel la
nguages
) (/usr/local/texlive/2021/texmf-dist/tex/generic/intcalc/intcalc.sty
Package: intcalc 2019/12/15 v1.3 Expandable calculations with integers (HO)
)
(/usr/local/texlive/2021/texmf-dist/tex/generic/etexcmds/etexcmds.sty
Package: etexcmds 2019/12/15 v1.7 Avoid name clashes with e-TeX commands (HO)
)
\Hy@SavedSpaceFactor=\count289

(/usr/local/texlive/2021/texmf-dist/tex/latex/hyperref/puenc.def
File: puenc.def 2021-06-07 v7.00m Hyperref: PDF Unicode definition (HO)
Now handling font encoding PU ...
... no UTF-8 mapping file for font encoding PU
)
Package hyperref Info: Option `bookmarks' set `true' on input line 4073.
Package hyperref Info: Option `bookmarksnumbered' set `true' on input line 4073
.
Package hyperref Info: Option `colorlinks' set `true' on input line 4073.
Package hyperref Info: Option `breaklinks' set `true' on input line 4073.
Package hyperref Info: Option `frenchlinks' set `true' on input line 4073.
Package hyperref Info: Hyper figures OFF on input line 4192.
Package hyperref Info: Link nesting OFF on input line 4197.
Package hyperref Info: Hyper index ON on input line 4200.
Package hyperref Info: Plain pages OFF on input line 4207.
Package hyperref Info: Backreferencing OFF on input line 4212.
Package hyperref Info: Implicit mode ON; LaTeX internals redefined.
Package hyperref Info: Bookmarks ON on input line 4445.
\c@Hy@tempcnt=\count290

(/usr/local/texlive/2021/texmf-dist/tex/latex/url/url.sty
\Urlmuskip=\muskip17
Package: url 2013/09/16  ver 3.4  Verb mode for urls, etc.
)
LaTeX Info: Redefining \url on input line 4804.
\XeTeXLinkMargin=\dimen168

(/usr/local/texlive/2021/texmf-dist/tex/generic/bitset/bitset.sty
Package: bitset 2019/12/09 v1.3 Handle bit-vector datatype (HO)

(/usr/local/texlive/2021/texmf-dist/tex/generic/bigintcalc/bigintcalc.sty
Package: bigintcalc 2019/12/15 v1.5 Expandable calculations on big integers (HO
)
))
\Fld@menulength=\count291
\Field@Width=\dimen169
\Fld@charsize=\dimen170
Package hyperref Info: Hyper figures OFF on input line 6076.
Package hyperref Info: Link nesting OFF on input line 6081.
Package hyperref Info: Hyper index ON on input line 6084.
Package hyperref Info: backreferencing OFF on input line 6091.
Package hyperref Info: Link coloring ON on input line 6094.
Package hyperref Info: Link coloring with OCG OFF on input line 6101.
Package hyperref Info: PDF/A mode OFF on input line 6106.
LaTeX Info: Redefining \ref on input line 6146.
LaTeX Info: Redefining \pageref on input line 6150.

(/usr/local/texlive/2021/texmf-dist/tex/latex/base/atbegshi-ltx.sty
Package: atbegshi-ltx 2021/01/10 v1.0c Emulation of the original atbegshi
package with kernel methods
)
\Hy@abspage=\count292
\c@Item=\count293
\c@Hfootnote=\count294
)
Package hyperref Info: Driver (autodetected): hpdftex.

(/usr/local/texlive/2021/texmf-dist/tex/latex/hyperref/hpdftex.def
File: hpdftex.def 2021-06-07 v7.00m Hyperref driver for pdfTeX

(/usr/local/texlive/2021/texmf-dist/tex/latex/base/atveryend-ltx.sty
Package: atveryend-ltx 2020/08/19 v1.0a Emulation of the original atvery packag
e
with kernel methods
)
\Fld@listcount=\count295
\c@bookmark@seq@number=\count296

(/usr/local/texlive/2021/texmf-dist/tex/latex/rerunfilecheck/rerunfilecheck.sty
Package: rerunfilecheck 2019/12/05 v1.9 Rerun checks for auxiliary files (HO)

(/usr/local/texlive/2021/texmf-dist/tex/generic/uniquecounter/uniquecounter.sty
Package: uniquecounter 2019/12/15 v1.4 Provide unlimited unique counter (HO)
)
Package uniquecounter Info: New unique counter `rerunfilecheck' on input line 2
86.
)
\Hy@SectionHShift=\skip57
)
\symUPM=\mathgroup6
\wdbox=\box56
\timect=\count297
\hourct=\count298
\minct=\count299

Joe Harrington's personal setup, Wed Jun 17 10:53:17 EDT 1998
\@sp=\box57
\@sb=\box58
)
LaTeX Font Info:    Trying to load font information for OT1+ptm on input line 2
1.
 (/usr/local/texlive/2021/texmf-dist/tex/latex/psnfss/ot1ptm.fd
File: ot1ptm.fd 2001/06/04 font definitions for OT1/ptm.
)
(/usr/local/texlive/2021/texmf-dist/tex/latex/l3backend/l3backend-pdftex.def
File: l3backend-pdftex.def 2021-08-04 L3 backend support: PDF output (pdfTeX)
\l__color_backend_stack_int=\count300
\l__pdf_internal_box=\box59
)
(./transit_code_manual.aux)
\openout1 = `transit_code_manual.aux'.

LaTeX Font Info:    Checking defaults for OML/cmm/m/it on input line 21.
LaTeX Font Info:    ... okay on input line 21.
LaTeX Font Info:    Checking defaults for OMS/cmsy/m/n on input line 21.
LaTeX Font Info:    ... okay on input line 21.
LaTeX Font Info:    Checking defaults for OT1/cmr/m/n on input line 21.
LaTeX Font Info:    ... okay on input line 21.
LaTeX Font Info:    Checking defaults for T1/cmr/m/n on input line 21.
LaTeX Font Info:    ... okay on input line 21.
LaTeX Font Info:    Checking defaults for TS1/cmr/m/n on input line 21.
LaTeX Font Info:    ... okay on input line 21.
LaTeX Font Info:    Checking defaults for OMX/cmex/m/n on input line 21.
LaTeX Font Info:    ... okay on input line 21.
LaTeX Font Info:    Checking defaults for U/cmr/m/n on input line 21.
LaTeX Font Info:    ... okay on input line 21.
LaTeX Font Info:    Checking defaults for PD1/pdf/m/n on input line 21.
LaTeX Font Info:    ... okay on input line 21.
LaTeX Font Info:    Checking defaults for PU/pdf/m/n on input line 21.
LaTeX Font Info:    ... okay on input line 21.

(/usr/local/texlive/2021/texmf-dist/tex/context/base/mkii/supp-pdf.mkii
[Loading MPS to PDF converter (version 2006.09.02).]
\scratchcounter=\count301
\scratchdimen=\dimen171
\scratchbox=\box60
\nofMPsegments=\count302
\nofMParguments=\count303
\everyMPshowfont=\toks26
\MPscratchCnt=\count304
\MPscratchDim=\dimen172
\MPnumerator=\count305
\makeMPintoPDFobject=\count306
\everyMPtoPDFconversion=\toks27
) (/usr/local/texlive/2021/texmf-dist/tex/latex/epstopdf-pkg/epstopdf-base.sty
Package: epstopdf-base 2020-01-24 v2.11 Base part for package epstopdf
Package epstopdf-base Info: Redefining graphics rule for `.eps' on input line 4
85.

(/usr/local/texlive/2021/texmf-dist/tex/latex/latexconfig/epstopdf-sys.cfg
File: epstopdf-sys.cfg 2010/07/13 v1.3 Configuration of (r)epstopdf for TeX Liv
e
))
\c@lstlisting=\count307
Package hyperref Info: Link coloring ON on input line 21.

(/usr/local/texlive/2021/texmf-dist/tex/latex/hyperref/nameref.sty
Package: nameref 2021-04-02 v2.47 Cross-referencing by name of section

(/usr/local/texlive/2021/texmf-dist/tex/latex/refcount/refcount.sty
Package: refcount 2019/12/15 v3.6 Data extraction from label references (HO)
)
(/usr/local/texlive/2021/texmf-dist/tex/generic/gettitlestring/gettitlestring.s
ty
Package: gettitlestring 2019/12/15 v1.6 Cleanup title references (HO)
)
\c@section@level=\count308
)
LaTeX Info: Redefining \ref on input line 21.
LaTeX Info: Redefining \pageref on input line 21.
LaTeX Info: Redefining \nameref on input line 21.
 (./transit_code_manual.out) (./transit_code_manual.out)
\@outlinefile=\write3
\openout3 = `transit_code_manual.out'.

LaTeX Font Info:    Trying to load font information for U+msa on input line 44.


(/usr/local/texlive/2021/texmf-dist/tex/latex/amsfonts/umsa.fd
File: umsa.fd 2013/01/14 v3.01 AMS symbols A
)
LaTeX Font Info:    Trying to load font information for U+msb on input line 44.


(/usr/local/texlive/2021/texmf-dist/tex/latex/amsfonts/umsb.fd
File: umsb.fd 2013/01/14 v3.01 AMS symbols B
)
LaTeX Font Info:    Trying to load font information for U+eur on input line 44.


(/usr/local/texlive/2021/texmf-dist/tex/latex/amsfonts/ueur.fd
File: ueur.fd 2013/01/14 v3.01 Euler Roman
) [1

{/usr/local/texlive/2021/texmf-var/fonts/map/pdftex/updmap/pdftex.map}]
LaTeX Font Info:    Trying to load font information for OT1+pcr on input line 6
5.

(/usr/local/texlive/2021/texmf-dist/tex/latex/psnfss/ot1pcr.fd
File: ot1pcr.fd 2001/06/04 font definitions for OT1/pcr.
)
<fig/transit_diagram.png, id=937, 408.77719pt x 518.6878pt>
File: fig/transit_diagram.png Graphic file (type png)
<use fig/transit_diagram.png>
Package pdftex.def Info: fig/transit_diagram.png  used on input line 72.
(pdftex.def)             Requested size: 408.77618pt x 518.68654pt.
pdfTeX warning (ext4): destination with the same identifier (name{page.1}) has 
been already used, duplicate ignored
<to be read again> 
                   \relax 
l.79 \section
             {List of Headers used by \texttt{transit}} [1] [2 <./fig/transit_d
iagram.png>] [3] [4]
Overfull \hbox (137.356pt too wide) in paragraph at lines 151--185
 [][] 
 []

[5] (/usr/local/texlive/2021/texmf-dist/tex/latex/listings/lstlang1.sty
File: lstlang1.sty 2020/03/24 1.8d listings language file
)
LaTeX Font Info:    Trying to load font information for OMS+ptm on input line 1
93.

(/usr/local/texlive/2021/texmf-dist/tex/latex/psnfss/omsptm.fd
File: omsptm.fd 
)
LaTeX Font Info:    Font shape `OMS/ptm/m/n' in size <12> not available
(Font)              Font shape `OMS/cmsy/m/n' tried instead on input line 193.
LaTeX Font Info:    Trying to load font information for TS1+ptm on input line 1
94.

(/usr/local/texlive/2021/texmf-dist/tex/latex/psnfss/ts1ptm.fd
File: ts1ptm.fd 2001/06/04 font definitions for TS1/ptm.
)
Overfull \hbox (24.16925pt too wide) in paragraph at lines 217--218
[][][][][][][][][][][][][][][][][][][][][][][][][][][][][][][]
 []

[6] [7] [8] [9] [10] [11] [12] [13] [14] [15]

Package Listings Warning: Text dropped after begin of listing on input line 714
.

[16] [17] [18] [19]
<fig/transitc.png, id=1609, 380.92313pt x 151.3153pt>
File: fig/transitc.png Graphic file (type png)
<use fig/transitc.png>
Package pdftex.def Info: fig/transitc.png  used on input line 880.
(pdftex.def)             Requested size: 380.92218pt x 151.31493pt.

Underfull \hbox (badness 10000) in paragraph at lines 887--889

 []


Underfull \hbox (badness 10000) in paragraph at lines 891--893

 []


Underfull \hbox (badness 10000) in paragraph at lines 895--897

 []


Underfull \hbox (badness 10000) in paragraph at lines 899--901

 []


Overfull \hbox (32.80484pt too wide) in paragraph at lines 903--905
[] 
 []


Underfull \hbox (badness 10000) in paragraph at lines 903--905

 []

[20 <./fig/transitc.png>]
Underfull \hbox (badness 10000) in paragraph at lines 907--909

 []


Underfull \hbox (badness 10000) in paragraph at lines 911--913

 []


Underfull \hbox (badness 10000) in paragraph at lines 915--917

 []


Underfull \hbox (badness 10000) in paragraph at lines 919--921

 []

[21]
Overfull \hbox (47.82437pt too wide) in paragraph at lines 1001--1002
[]\OT1/ptm/m/n/12 Call to []\OT1/pcr/m/n/12 freemem[]samp, freemem[]idexrefrac,
 freemem[]extinction, freemem[]tau,
 []

[22]
<fig/transitstdc.png, id=1625, 286.06876pt x 383.18156pt>
File: fig/transitstdc.png Graphic file (type png)
<use fig/transitstdc.png>
Package pdftex.def Info: fig/transitstdc.png  used on input line 1033.
(pdftex.def)             Requested size: 286.06805pt x 383.18062pt.

Underfull \hbox (badness 10000) in paragraph at lines 1040--1042

 []


Overfull \hbox (136.48479pt too wide) in paragraph at lines 1044--1046
[] 
 []


Underfull \hbox (badness 10000) in paragraph at lines 1044--1046

 []


Overfull \hbox (107.6848pt too wide) in paragraph at lines 1048--1050
[] 
 []


Underfull \hbox (badness 10000) in paragraph at lines 1048--1050

 []


Underfull \hbox (badness 10000) in paragraph at lines 1052--1054

 []


Underfull \hbox (badness 10000) in paragraph at lines 1056--1058

 []


Overfull \hbox (55.8448pt too wide) in paragraph at lines 1060--1062
[] 
 []


Underfull \hbox (badness 10000) in paragraph at lines 1060--1062

 []


Underfull \hbox (badness 10000) in paragraph at lines 1064--1066

 []

[23] [24 <./fig/transitstdc.png>]
Underfull \hbox (badness 10000) in paragraph at lines 1068--1070

 []


Underfull \hbox (badness 10000) in paragraph at lines 1072--1074

 []


Underfull \hbox (badness 10000) in paragraph at lines 1076--1078

 []


Underfull \hbox (badness 10000) in paragraph at lines 1080--1082

 []


Underfull \hbox (badness 10000) in paragraph at lines 1084--1086

 []


Underfull \hbox (badness 10000) in paragraph at lines 1088--1090

 []


Underfull \hbox (badness 10000) in paragraph at lines 1092--1094

 []


Underfull \hbox (badness 10000) in paragraph at lines 1096--1098

 []


Underfull \hbox (badness 10000) in paragraph at lines 1100--1102

 []


Underfull \hbox (badness 10000) in paragraph at lines 1104--1106

 []


Underfull \hbox (badness 10000) in paragraph at lines 1108--1110

 []


Underfull \hbox (badness 10000) in paragraph at lines 1112--1114

 []

[25] [26] [27]
<fig/argumc.png, id=1650, 274.77657pt x 156.585pt>
File: fig/argumc.png Graphic file (type png)
<use fig/argumc.png>
Package pdftex.def Info: fig/argumc.png  used on input line 1186.
(pdftex.def)             Requested size: 274.77588pt x 156.58461pt.

Underfull \hbox (badness 10000) in paragraph at lines 1192--1195

 []


Underfull \hbox (badness 10000) in paragraph at lines 1197--1200

 []


Underfull \hbox (badness 10000) in paragraph at lines 1202--1206

 []


Underfull \hbox (badness 10000) in paragraph at lines 1208--1210

 []


Underfull \hbox (badness 10000) in paragraph at lines 1212--1215

 []


Underfull \hbox (badness 10000) in paragraph at lines 1217--1219

 []


Underfull \hbox (badness 10000) in paragraph at lines 1221--1223

 []

[28 <./fig/argumc.png>]
Underfull \hbox (badness 10000) in paragraph at lines 1225--1227

 []


Underfull \hbox (badness 10000) in paragraph at lines 1229--1231

 []


Underfull \hbox (badness 10000) in paragraph at lines 1233--1235

 []


Overfull \hbox (21.94829pt too wide) in paragraph at lines 1240--1241
[]\OT1/ptm/m/n/12 Set []\OT1/pcr/m/n/12 tr.ds.th.verbnoise, tr.ds.th.mass, tr.d
s.th.savefiles[] \OT1/ptm/m/n/12 (ver-bosity, abun-
 []


Overfull \hbox (3.8514pt too wide) in paragraph at lines 1244--1245
[]\OT1/ptm/m/n/12 Initialize []\OT1/pcr/m/n/12 tr.ds.th.det.cia, tr.ds.th.det.t
au, tr.ds.th.det.ext[] \OT1/ptm/m/n/12 (de-tailed
 []


Overfull \hbox (10.81131pt too wide) in paragraph at lines 1248--1249
\OT1/pcr/m/n/12 tr.ds.th.f[]outflux, tr.ds.th.f[]outintens[] \OT1/ptm/m/n/12 (i
n-put and out-put file-names) from com-
 []


Overfull \hbox (47.46056pt too wide) in paragraph at lines 1254--1255
[]\OT1/ptm/m/n/12 Set []\OT1/pcr/m/n/12 tr.ds.th.rads.i, tr.ds.th.rads.f, tr.ds
.th.rads.d, tr.ds.th.rads.fct[]
 []


Overfull \hbox (47.46056pt too wide) in paragraph at lines 1255--1256
[]\OT1/ptm/m/n/12 Set []\OT1/pcr/m/n/12 tr.ds.th.wavs.i, tr.ds.th.wavs.f, tr.ds
.th.wavs.d, tr.ds.th.wavs.fct[]
 []

[29]
Overfull \hbox (25.86057pt too wide) in paragraph at lines 1256--1257
[]\OT1/ptm/m/n/12 Set []\OT1/pcr/m/n/12 tr.ds.th.wns.i, tr.ds.th.wns.f, tr.ds.t
h.wns.d, tr.ds.th.wns.fct, 
 []


Overfull \hbox (42.48923pt too wide) in paragraph at lines 1256--1257
\OT1/ptm/m/n/12 fac-tor, and over-sam-pling fac-tor) from com-mand line ar-gu-m
ents/-con-fig file. Ini-tial-ize []\OT1/pcr/m/n/12 tr.ds.th.wns.n[]
 []


Overfull \hbox (1.36726pt too wide) in paragraph at lines 1259--1260
[]\OT1/ptm/m/n/12 Set []\OT1/pcr/m/n/12 tr.ds.th.nDop, tr.ds.th.nLor[] \OT1/ptm
/m/n/12 (num-ber of Doppler and Lorentz broad-en-ing width
 []


Overfull \hbox (13.05641pt too wide) in paragraph at lines 1260--1261
[]\OT1/ptm/m/n/12 Set []\OT1/pcr/m/n/12 tr.ds.th.dmin, tr.ds.th.dmax, tr.ds.th.
lmin, tr.ds.th.lmax[] \OT1/ptm/m/n/12 (broad-
 []


Overfull \hbox (18.66057pt too wide) in paragraph at lines 1265--1266
[]\OT1/ptm/m/n/12 Set []\OT1/pcr/m/n/12 tr.ds.th.sg.smaxisfct, tr.ds.th.sg.time
fct, tr.ds.th.sg.inclfct, 
 []


Overfull \hbox (11.59256pt too wide) in paragraph at lines 1265--1266
\OT1/pcr/m/n/12 tr.ds.th.sg.eccfct, tr,.ds.th.sg.lnodefct, tr.ds.th.sg.aperfct[
] \OT1/ptm/m/n/12 (unit
 []

[30] [31]
Overfull \hbox (7.99216pt too wide) in paragraph at lines 1363--1364
[]\OT1/ptm/m/n/12 Restore []\OT1/pcr/m/n/12 tr.ds.th.rads, tr.ds.th.wavs, tr.ds
.th.wns, tr.ds.th.ips[] \OT1/ptm/m/n/12 from
 []


Overfull \hbox (63.5286pt too wide) in paragraph at lines 1378--1379
[]\OT1/ptm/m/n/12 Free []\OT1/pcr/m/n/12 tr.ds.th.f[]atm, tr.ds.th.f[]line, tr.
ds.th.f[]outmod, tr.ds.th.f[]outflux, 
 []

[32] [33]
Underfull \hbox (badness 10000) in paragraph at lines 1395--1398

 []


Underfull \hbox (badness 10000) in paragraph at lines 1400--1402

 []


Underfull \hbox (badness 10000) in paragraph at lines 1404--1406

 []

[34] [35]
<fig/readlineinfoc.png, id=1691, 428.35031pt x 247.67531pt>
File: fig/readlineinfoc.png Graphic file (type png)
<use fig/readlineinfoc.png>
Package pdftex.def Info: fig/readlineinfoc.png  used on input line 1456.
(pdftex.def)             Requested size: 428.34926pt x 247.6747pt.

Overfull \hbox (70.48483pt too wide) in paragraph at lines 1464--1469
[] 
 []


Underfull \hbox (badness 10000) in paragraph at lines 1464--1469

 []


Underfull \hbox (badness 10000) in paragraph at lines 1471--1474

 []


Underfull \hbox (badness 10000) in paragraph at lines 1476--1480

 []


Overfull \hbox (2.56483pt too wide) in paragraph at lines 1482--1488
[] 
 []


Underfull \hbox (badness 10000) in paragraph at lines 1482--1488

 []

[36 <./fig/readlineinfoc.png>]
Underfull \hbox (badness 10000) in paragraph at lines 1490--1492

 []


Underfull \hbox (badness 10000) in paragraph at lines 1494--1498

 []


Underfull \hbox (badness 10000) in paragraph at lines 1500--1503

 []


Underfull \hbox (badness 10000) in paragraph at lines 1505--1507

 []


Underfull \hbox (badness 10000) in paragraph at lines 1509--1511

 []


Underfull \hbox (badness 10000) in paragraph at lines 1513--1515

 []


Underfull \hbox (badness 10000) in paragraph at lines 1517--1519

 []


Underfull \hbox (badness 10000) in paragraph at lines 1521--1523

 []


Overfull \hbox (1.22144pt too wide) in paragraph at lines 1530--1531
[]\OT1/ptm/m/n/12 If an opac-ity file ex-ists, up-date []\OT1/pcr/m/n/12 tr.pi[
] \OT1/ptm/m/n/12 to ac-count for TRPI[]READINFO and TRPI[]READDATA. 
 []

[37]
Overfull \hbox (1.0546pt too wide) in paragraph at lines 1552--1554
[]\OT1/ptm/m/n/12 Set []\OT1/pcr/m/n/12 tr.ds.li.lt.wfct, tr.ds.li.lt.efct[] \O
T1/ptm/m/n/12 from de-fault val-ues (line-transition wave-
 []


Overfull \hbox (1.65508pt too wide) in paragraph at lines 1573--1576
[]\OT1/ptm/m/n/12 Set []\OT1/pcr/m/n/12 tr.ds.li.tli[]ver, tr.ds.li.lr[]ver, tr
.ds.li.lr[]rev[] \OT1/ptm/m/n/12 from TLI file (line-
 []


Overfull \hbox (16.39061pt too wide) in paragraph at lines 1581--1582
[]\OT1/ptm/m/n/12 Allocate []\OT1/pcr/m/n/12 tr.ds.iso.db.n, tr.ds.iso.db.molna
me[] \OT1/ptm/m/n/12 (database name and molecule name)
 []


Overfull \hbox (4.39165pt too wide) in paragraph at lines 1584--1585
[]\OT1/ptm/m/n/12 Reallocate []\OT1/pcr/m/n/12 tr.ds.li.isov, tr.ds.iso.isof, t
r.ds.iso.isoration[] \OT1/ptm/m/n/12 to ac-count
 []

[38] [39]
Overfull \hbox (65.5802pt too wide) in paragraph at lines 1646--1649
[]\OT1/ptm/m/n/12 Allocate []\OT1/pcr/m/n/12 tr.ds.li.lt.wl, tr.ds.li.lt.isoid,
 tr.ds.li.lt.gf, tr.ds.li.lt.elow[]
 []


Overfull \hbox (40.26056pt too wide) in paragraph at lines 1649--1650
[]\OT1/ptm/m/n/12 Set []\OT1/pcr/m/n/12 tr.ds.li.lt.wl, tr.ds.li.lt.isoid, tr.d
s.li.lt.gf, tr.ds.li.lt.elow[]
 []

[40] [41]
<fig/readatmc.png, id=1720, 461.47406pt x 226.59656pt>
File: fig/readatmc.png Graphic file (type png)
<use fig/readatmc.png>
Package pdftex.def Info: fig/readatmc.png  used on input line 1721.
(pdftex.def)             Requested size: 461.47292pt x 226.596pt.

Underfull \hbox (badness 10000) in paragraph at lines 1728--1733

 []


Overfull \hbox (74.80484pt too wide) in paragraph at lines 1736--1739
[] 
 []


Underfull \hbox (badness 10000) in paragraph at lines 1736--1739

 []


Underfull \hbox (badness 10000) in paragraph at lines 1741--1743

 []


Underfull \hbox (badness 10000) in paragraph at lines 1745--1747

 []


Underfull \hbox (badness 10000) in paragraph at lines 1749--1751

 []


Underfull \hbox (badness 10000) in paragraph at lines 1753--1755

 []

[42 <./fig/readatmc.png>]
Overfull \hbox (5.44482pt too wide) in paragraph at lines 1757--1759
[] 
 []


Underfull \hbox (badness 10000) in paragraph at lines 1757--1759

 []


Overfull \hbox (16.96483pt too wide) in paragraph at lines 1761--1763
[] 
 []


Underfull \hbox (badness 10000) in paragraph at lines 1761--1763

 []


Overfull \hbox (16.96483pt too wide) in paragraph at lines 1765--1773
[] 
 []


Underfull \hbox (badness 10000) in paragraph at lines 1765--1773

 []


Overfull \hbox (2.56483pt too wide) in paragraph at lines 1775--1781
[] 
 []


Underfull \hbox (badness 10000) in paragraph at lines 1775--1781

 []


Overfull \hbox (67.3648pt too wide) in paragraph at lines 1783--1786
[] 
 []


Underfull \hbox (badness 10000) in paragraph at lines 1783--1786

 []


Underfull \hbox (badness 10000) in paragraph at lines 1788--1790

 []


Overfull \hbox (34.24481pt too wide) in paragraph at lines 1792--1794
[] 
 []


Overfull \hbox (36.78021pt too wide) in paragraph at lines 1810--1811
[]\OT1/ptm/m/n/12 Allocate []\OT1/pcr/m/n/12 tr.ds.mol.nmol, tr.ds.mol.ID, tr.d
s.mol.mass, tr.ds.mol.radius, 
 []

[43]
Overfull \hbox (36.78021pt too wide) in paragraph at lines 1811--1812
[]\OT1/ptm/m/n/12 Allocate []\OT1/pcr/m/n/12 tr.ds.at.molec, tr.ds.at.mm, tr.ds
.at.molec.d, tr.ds.at.molec.q[]
 []


Overfull \hbox (33.06056pt too wide) in paragraph at lines 1812--1815
[]\OT1/ptm/m/n/12 Set []\OT1/pcr/m/n/12 tr.ds.at.rads.i, tr.ds.at.rads.f, tr.ds
.at.rads.o, tr.ds.at.rads.d[]
 []

[44]
Overfull \hbox (10.77603pt too wide) in paragraph at lines 1908--1909
[]\OT1/ptm/m/n/12 Reallocate []\OT1/pcr/m/n/12 tr.ds.rads.v, tr.ds.at.atm.t, tr
.ds.at.atm.p, tr.ds.at.mm, 
 []

[45] [46] [47]
<fig/makesamplec.png, id=1752, 264.99pt x 224.33812pt>
File: fig/makesamplec.png Graphic file (type png)
<use fig/makesamplec.png>
Package pdftex.def Info: fig/makesamplec.png  used on input line 2020.
(pdftex.def)             Requested size: 264.98935pt x 224.33757pt.

Underfull \hbox (badness 10000) in paragraph at lines 2027--2029

 []


Overfull \hbox (90.40482pt too wide) in paragraph at lines 2031--2034
[] 
 []


Underfull \hbox (badness 10000) in paragraph at lines 2031--2034

 []


Underfull \hbox (badness 10000) in paragraph at lines 2036--2039

 []


Underfull \hbox (badness 10000) in paragraph at lines 2041--2043

 []


Underfull \hbox (badness 10000) in paragraph at lines 2045--2049

 []

[48 <./fig/makesamplec.png>]
Underfull \hbox (badness 10000) in paragraph at lines 2051--2053

 []


Overfull \hbox (45.76482pt too wide) in paragraph at lines 2055--2057
[] 
 []


Underfull \hbox (badness 10000) in paragraph at lines 2055--2057

 []


Underfull \hbox (badness 10000) in paragraph at lines 2059--2061

 []


Underfull \hbox (badness 10000) in paragraph at lines 2063--2065

 []


Underfull \hbox (badness 10000) in paragraph at lines 2067--2069

 []


Underfull \hbox (badness 10000) in paragraph at lines 2071--2073

 []


Underfull \hbox (badness 10000) in paragraph at lines 2075--2077

 []


Underfull \hbox (badness 10000) in paragraph at lines 2079--2081

 []


Underfull \hbox (badness 10000) in paragraph at lines 2083--2085

 []

[49] [50]
Underfull \hbox (badness 10000) in paragraph at lines 2191--2197

 []


Overfull \hbox (60.94841pt too wide) in paragraph at lines 2203--2204
[]\OT1/ptm/m/n/12 Set []\OT1/pcr/m/n/12 tr.ds.atm.tfct, tr.ds.atm.pfct[] \OT1/p
tm/m/n/12 from \OT1/pcr/m/n/12 tr.ds.at.atm.tfct, tr.ds.at.atm.pfct
 []

[51]
Overfull \hbox (25.22331pt too wide) in paragraph at lines 2206--2208
[]\OT1/ptm/m/n/12 Set []\OT1/pcr/m/n/12 tr.atm.t, tr.atm.p, tr.atm.mm[] \OT1/pt
m/m/n/12 in-ter-po-lat-ing \OT1/pcr/m/n/12 tr.ds.at.atm \OT1/ptm/m/n/12 val-ues
 into \OT1/pcr/m/n/12 tr.rads
 []

[52] [53] [54]
<fig/opacityc.png, id=1786, 286.06876pt x 98.61844pt>
File: fig/opacityc.png Graphic file (type png)
<use fig/opacityc.png>
Package pdftex.def Info: fig/opacityc.png  used on input line 2327.
(pdftex.def)             Requested size: 286.06805pt x 98.61818pt.

Underfull \hbox (badness 10000) in paragraph at lines 2334--2336

 []


Underfull \hbox (badness 10000) in paragraph at lines 2338--2340

 []


Underfull \hbox (badness 10000) in paragraph at lines 2342--2344

 []


Underfull \hbox (badness 10000) in paragraph at lines 2346--2348

 []


Underfull \hbox (badness 10000) in paragraph at lines 2350--2352

 []


Underfull \hbox (badness 10000) in paragraph at lines 2354--2356

 []

[55 <./fig/opacityc.png>]
Overfull \hbox (66.34795pt too wide) in paragraph at lines 2383--2384
\OT1/ptm/m/n/12 mum and max-i-mum (\OT1/pcr/m/n/12 tr.ds.th.dmin, tr.ds.th.dmax
, tr.ds.th.lmin, tr.ds.th.lmax\OT1/ptm/m/n/12 ). 
 []


Overfull \hbox (20.69928pt too wide) in paragraph at lines 2386--2387
[]\OT1/ptm/m/n/12 Call []\OT1/pcr/m/n/12 getprofile[] \OT1/ptm/m/n/12 from ex-t
inc-tion.c to fill out []\OT1/pcr/m/n/12 tr.ds.op.profsize, tr.ds.op.profile[]\
OT1/ptm/m/n/12 . 
 []

[56]
Overfull \hbox (7.98022pt too wide) in paragraph at lines 2440--2441
[]\OT1/ptm/m/n/12 Allocate []\OT1/pcr/m/n/12 tr.ds.op.molID, tr.ds.op.temp, tr.
ds.op.press, tr.ds.op.wns[]
 []

[57]
<fig/crosssec.png, id=1802, 296.60812pt x 95.6072pt>
File: fig/crosssec.png Graphic file (type png)
<use fig/crosssec.png>
Package pdftex.def Info: fig/crosssec.png  used on input line 2459.
(pdftex.def)             Requested size: 296.60739pt x 95.60695pt.

Underfull \hbox (badness 10000) in paragraph at lines 2466--2468

 []


Underfull \hbox (badness 10000) in paragraph at lines 2470--2477

 []


Overfull \hbox (54.64482pt too wide) in paragraph at lines 2481--2485
[] 
 []


Underfull \hbox (badness 10000) in paragraph at lines 2481--2485

 []


Underfull \hbox (badness 10000) in paragraph at lines 2487--2489

 []


Underfull \hbox (badness 10000) in paragraph at lines 2491--2493

 []

[58 <./fig/crosssec.png>]
Overfull \hbox (65.5802pt too wide) in paragraph at lines 2500--2501
[]\OT1/ptm/m/n/12 Allocate []\OT1/pcr/m/n/12 tr.ds.cross.cs, tr.ds.cross.temp, 
tr.ds.cross.wn, tr.ds.cross.nspec[]
 []


Overfull \hbox (60.42029pt too wide) in paragraph at lines 2502--2503
[]\OT1/ptm/m/n/12 Fill in []\OT1/pcr/m/n/12 tr.ds.cross.cs, tr.ds.cross.wn, tr.
ds.cross.temp, tr.ds.cross.ntemp, 
 []

[59] [60]

LaTeX Warning: Reference `fig:idxrefracc' on page 61 undefined on input line 25
88.

<fig/idxrefractionc.png, id=1820, 129.48375pt x 95.6072pt>
File: fig/idxrefractionc.png Graphic file (type png)
<use fig/idxrefractionc.png>
Package pdftex.def Info: fig/idxrefractionc.png  used on input line 2591.
(pdftex.def)             Requested size: 129.48341pt x 95.60695pt.

Underfull \hbox (badness 10000) in paragraph at lines 2598--2601

 []


Underfull \hbox (badness 10000) in paragraph at lines 2603--2605

 []


Underfull \hbox (badness 10000) in paragraph at lines 2607--2610

 []


Underfull \hbox (badness 10000) in paragraph at lines 2612--2614

 []

[61 <./fig/idxrefractionc.png>] [62]
<fig/extinctionc.png, id=1832, 129.48375pt x 249.93375pt>
File: fig/extinctionc.png Graphic file (type png)
<use fig/extinctionc.png>
Package pdftex.def Info: fig/extinctionc.png  used on input line 2640.
(pdftex.def)             Requested size: 129.48341pt x 249.93314pt.

Overfull \hbox (74.80484pt too wide) in paragraph at lines 2648--2650
[] 
 []


Underfull \hbox (badness 10000) in paragraph at lines 2648--2650

 []


Overfull \hbox (46.00485pt too wide) in paragraph at lines 2653--2655
[] 
 []


Underfull \hbox (badness 10000) in paragraph at lines 2653--2655

 []


Overfull \hbox (46.00485pt too wide) in paragraph at lines 2658--2660
[] 
 []


Underfull \hbox (badness 10000) in paragraph at lines 2658--2660

 []


Underfull \hbox (badness 10000) in paragraph at lines 2662--2664

 []

[63 <./fig/extinctionc.png>]
Underfull \hbox (badness 10000) in paragraph at lines 2666--2668

 []


Underfull \hbox (badness 10000) in paragraph at lines 2670--2672

 []


Overfull \hbox (20.08485pt too wide) in paragraph at lines 2675--2677
[] 
 []


Underfull \hbox (badness 10000) in paragraph at lines 2675--2677

 []


Overfull \hbox (6.88484pt too wide) in paragraph at lines 2679--2681
[] 
 []


Underfull \hbox (badness 10000) in paragraph at lines 2679--2681

 []


Overfull \hbox (14.08484pt too wide) in paragraph at lines 2683--2686
[] 
 []


Underfull \hbox (badness 10000) in paragraph at lines 2683--2686

 []


Overfull \hbox (77.4448pt too wide) in paragraph at lines 2689--2691
[] 
 []


Underfull \hbox (badness 10000) in paragraph at lines 2689--2691

 []


Overfull \hbox (91.84479pt too wide) in paragraph at lines 2694--2696
[] 
 []


Underfull \hbox (badness 10000) in paragraph at lines 2694--2696

 []

[64]
Overfull \hbox (3.9004pt too wide) in paragraph at lines 2726--2728
[]\OT1/ptm/m/n/12 Check that []\OT1/pcr/m/n/12 readinfo[]tli, readdatarng, make
wnsample, makeradsample[] \OT1/ptm/m/n/12 have
 []


LaTeX Warning: Reference `eqn:ext' on page 65 undefined on input line 2738.

[65]
Overfull \hbox (0.58994pt too wide) in paragraph at lines 2790--2791
[]\OT1/ptm/m/n/12 Fix the lower and up-per in-dices to the bound-aries if they 
go out-side the bounds of the wavenum-
 []

[66] [67] [68]
======================> note on page 69 <====================

Overfull \hbox (8.40804pt too wide) in paragraph at lines 2855--2857
[]\OT1/pcr/m/n/12 outdebtauex[]\OT1/ptm/m/n/12 , []\OT1/pcr/m/n/12 outdebex[]\O
T1/ptm/m/n/12 , and []\OT1/pcr/m/n/12 outdebtau[] \OT1/ptm/m/n/12 are un-used. 
Func-tions []\OT1/pcr/m/n/12 print2dArrayDouble,
 []


Overfull \hbox (12.25795pt too wide) in paragraph at lines 2855--2857
\OT1/pcr/m/n/12 print1dArrayDouble[] \OT1/ptm/m/n/12 are generic print-to-file 
func-tions that are not gen-er-ally used in \OT1/pcr/m/n/12 transit\OT1/ptm/m/n
/12 .
 []

<fig/tauc.png, id=1867, 280.04625pt x 328.97906pt>
File: fig/tauc.png Graphic file (type png)
<use fig/tauc.png>
Package pdftex.def Info: fig/tauc.png  used on input line 2859.
(pdftex.def)             Requested size: 280.04555pt x 328.97826pt.

Underfull \hbox (badness 10000) in paragraph at lines 2867--2869

 []


Underfull \hbox (badness 10000) in paragraph at lines 2871--2874

 []


Overfull \hbox (12.88486pt too wide) in paragraph at lines 2877--2880
[] 
 []


Underfull \hbox (badness 10000) in paragraph at lines 2877--2880

 []

[69 <./fig/tauc.png>]
Overfull \hbox (8.56485pt too wide) in paragraph at lines 2883--2886
[] 
 []


Underfull \hbox (badness 10000) in paragraph at lines 2883--2886

 []


Underfull \hbox (badness 10000) in paragraph at lines 2888--2890

 []


Overfull \hbox (38.80486pt too wide) in paragraph at lines 2893--2897
[] 
 []


Underfull \hbox (badness 10000) in paragraph at lines 2893--2897

 []


Overfull \hbox (34.48485pt too wide) in paragraph at lines 2900--2904
[] 
 []


Underfull \hbox (badness 10000) in paragraph at lines 2900--2904

 []


Overfull \hbox (50.08482pt too wide) in paragraph at lines 2906--2909
[] 
 []


Underfull \hbox (badness 10000) in paragraph at lines 2906--2909

 []


Overfull \hbox (30.20966pt too wide) in paragraph at lines 2917--2925
\OT1/ptm/m/n/12 of eclipse.c. \OT1/pcr/m/n/12 slantpath \OT1/ptm/m/n/12 is as-s
igned to the tran-sit vari-able []\OT1/pcr/m/n/12 tr.sol[] \OT1/ptm/m/n/12 in t
he func-tion []\OT1/pcr/m/n/12 acceptgenhints[]
 []

[70]
Overfull \hbox (37.67299pt too wide) in paragraph at lines 2967--2969
[]\OT1/ptm/m/n/12 Check if the molec-u-lar ex-tinc-tion has been cal-cu-lated a
t this layer. If not, call to []\OT1/pcr/m/n/12 interpolmolext[]
 []


Overfull \hbox (8.13025pt too wide) in paragraph at lines 2969--2971
[]\OT1/ptm/m/n/12 Call []\OT1/pcr/m/n/12 transittau[] \OT1/ptm/m/n/12 or []\OT1
/pcr/m/n/12 eclipsetau[] \OT1/ptm/m/n/12 (as fcn) to cal-cu-late the op-ti-cal 
depth at given wavenum-
 []

[71] [72]
<fig/eclipsec.png, id=1890, 342.5297pt x 168.63pt>
File: fig/eclipsec.png Graphic file (type png)
<use fig/eclipsec.png>
Package pdftex.def Info: fig/eclipsec.png  used on input line 3030.
(pdftex.def)             Requested size: 342.52885pt x 168.62958pt.

Overfull \hbox (76.00482pt too wide) in paragraph at lines 3037--3039
[] 
 []


Underfull \hbox (badness 10000) in paragraph at lines 3037--3039

 []


Overfull \hbox (73.12483pt too wide) in paragraph at lines 3042--3044
[] 
 []


Underfull \hbox (badness 10000) in paragraph at lines 3042--3044

 []


Underfull \hbox (badness 10000) in paragraph at lines 3046--3048

 []


Underfull \hbox (badness 10000) in paragraph at lines 3050--3052

 []


Underfull \hbox (badness 10000) in paragraph at lines 3054--3056

 []


Underfull \hbox (badness 10000) in paragraph at lines 3058--3060

 []


Underfull \hbox (badness 10000) in paragraph at lines 3062--3064

 []

[73 <./fig/eclipsec.png>]
Underfull \hbox (badness 10000) in paragraph at lines 3066--3068

 []


Overfull \hbox (14.43285pt too wide) in paragraph at lines 3109--3110
[]\OT1/ptm/m/n/12 Call []\OT1/pcr/m/n/12 eclipse[]intens[] \OT1/ptm/m/n/12 from
 eclipse.c as sol.spectrum to cal-cu-late the in-ten-sity at ev-ery wavenum-
 []

[74] [75]
<fig/slantpathc.png, id=1914, 336.50719pt x 96.36pt>
File: fig/slantpathc.png Graphic file (type png)
<use fig/slantpathc.png>
Package pdftex.def Info: fig/slantpathc.png  used on input line 3138.
(pdftex.def)             Requested size: 336.50635pt x 96.35974pt.

Overfull \hbox (7.12488pt too wide) in paragraph at lines 3146--3149
[] 
 []


Underfull \hbox (badness 10000) in paragraph at lines 3146--3149

 []


Overfull \hbox (14.32487pt too wide) in paragraph at lines 3152--3155
[] 
 []


Underfull \hbox (badness 10000) in paragraph at lines 3152--3155

 []


Overfull \hbox (71.92485pt too wide) in paragraph at lines 3158--3161
[] 
 []


Underfull \hbox (badness 10000) in paragraph at lines 3158--3161

 []


Overfull \hbox (56.08484pt too wide) in paragraph at lines 3165--3167
[] 
 []


Underfull \hbox (badness 10000) in paragraph at lines 3165--3167

 []


Overfull \hbox (27.28485pt too wide) in paragraph at lines 3170--3173
[] 
 []


Underfull \hbox (badness 10000) in paragraph at lines 3170--3173

 []


Overfull \hbox (84.88483pt too wide) in paragraph at lines 3176--3180
[] 
 []


Underfull \hbox (badness 10000) in paragraph at lines 3176--3180

 []

[76 <./fig/slantpathc.png>] [77] [78]
<fig/observablec.png, id=1935, 155.07938pt x 70.76437pt>
File: fig/observablec.png Graphic file (type png)
<use fig/observablec.png>
Package pdftex.def Info: fig/observablec.png  used on input line 3291.
(pdftex.def)             Requested size: 155.07898pt x 70.76419pt.

Underfull \hbox (badness 10000) in paragraph at lines 3298--3300

 []


Underfull \hbox (badness 10000) in paragraph at lines 3302--3304

 []


Underfull \hbox (badness 10000) in paragraph at lines 3306--3308

 []

[79 <./fig/observablec.png>]
Underfull \hbox (badness 10000) in paragraph at lines 3577--3580

 []


Underfull \hbox (badness 10000) in paragraph at lines 3590--3593

 []


Underfull \hbox (badness 10000) in paragraph at lines 3606--3609

 []


Underfull \hbox (badness 10000) in paragraph at lines 3615--3618

 []


Underfull \hbox (badness 10000) in paragraph at lines 3626--3628

 []

[80]
Underfull \hbox (badness 10000) in paragraph at lines 3636--3638

 []


Underfull \hbox (badness 10000) in paragraph at lines 3646--3648

 []


Underfull \hbox (badness 10000) in paragraph at lines 3656--3658

 []


Underfull \hbox (badness 10000) in paragraph at lines 3666--3670

 []

[81] (./transit_code_manual.aux)

LaTeX Warning: There were undefined references.

Package rerunfilecheck Info: File `transit_code_manual.out' has not changed.
(rerunfilecheck)             Checksum: F780B3A305B1D7E711B814C5A4D3DD60;41820.
 ) 
Here is how much of TeX's memory you used:
 15787 strings out of 478599
 223011 string characters out of 5854100
 818729 words of memory out of 5000000
 32500 multiletter control sequences out of 15000+600000
 441702 words of font info for 103 fonts, out of 8000000 for 9000
 1141 hyphenation exceptions out of 8191
 65i,15n,76p,2602b,1966s stack positions out of 5000i,500n,10000p,200000b,80000s
{/usr/local/texlive/2021/texmf-dist/fonts/enc/dvips/base/8r.enc}</usr/local/t
exlive/2021/texmf-dist/fonts/type1/public/amsfonts/cm/cmex10.pfb></usr/local/te
xlive/2021/texmf-dist/fonts/type1/public/amsfonts/cm/cmmi12.pfb></usr/local/tex
live/2021/texmf-dist/fonts/type1/public/amsfonts/cm/cmmi6.pfb></usr/local/texli
ve/2021/texmf-dist/fonts/type1/public/amsfonts/cm/cmmi8.pfb></usr/local/texlive
/2021/texmf-dist/fonts/type1/public/amsfonts/cm/cmr12.pfb></usr/local/texlive/2
021/texmf-dist/fonts/type1/public/amsfonts/cm/cmr8.pfb></usr/local/texlive/2021
/texmf-dist/fonts/type1/public/amsfonts/cm/cmsy10.pfb></usr/local/texlive/2021/
texmf-dist/fonts/type1/public/amsfonts/cm/cmsy8.pfb></usr/local/texlive/2021/te
xmf-dist/fonts/type1/public/txfonts/t1xtt.pfb></usr/local/texlive/2021/texmf-di
st/fonts/type1/urw/courier/ucrb8a.pfb></usr/local/texlive/2021/texmf-dist/fonts
/type1/urw/courier/ucrr8a.pfb></usr/local/texlive/2021/texmf-dist/fonts/type1/u
rw/times/utmb8a.pfb></usr/local/texlive/2021/texmf-dist/fonts/type1/urw/times/u
tmr8a.pfb></usr/local/texlive/2021/texmf-dist/fonts/type1/urw/times/utmr8a.pfb>
</usr/local/texlive/2021/texmf-dist/fonts/type1/urw/times/utmri8a.pfb>
Output written on transit_code_manual.pdf (82 pages, 576787 bytes).
PDF statistics:
 2211 PDF objects out of 2487 (max. 8388607)
 2046 compressed objects within 21 object streams
 902 named destinations out of 1000 (max. 500000)
 1908 words of extra memory for PDF output out of 10000 (max. 10000000)

